<?xml version="1.0" encoding="UTF-8"?>
<testsuite name="Cucumber" time="56.549" tests="2" skipped="0" failures="2" errors="0">
<testcase classname="Add to Cart" name="Validate user is able to Add to Cart using valid data - Example #1.1" time="51.997">
<failure type="org.openqa.selenium.ElementClickInterceptedException" message="element click intercepted: Element &lt;select id=&quot;sort-products&quot;&gt;...&lt;/select&gt; is not clickable at point (1160, 121). Other element would receive the click: &lt;div class=&quot;collapse navbar-collapse header__navbar-content&quot; id=&quot;headerNav&quot;&gt;...&lt;/div&gt;
  (Session info: chrome=114.0.5735.110)
Build info: version: '4.9.0', revision: 'd7057100a6'
System info: os.name: 'Windows 11', os.arch: 'amd64', os.version: '10.0', java.version: '17.0.6'
Driver info: org.openqa.selenium.chrome.ChromeDriver
Command: [eb080b46888e2876482ca44bf33bde4d, clickElement {id=02AC8602A492F254D8D5ACB795E41848_element_147}]
Capabilities {acceptInsecureCerts: false, browserName: chrome, browserVersion: 114.0.5735.110, chrome: {chromedriverVersion: 113.0.5672.63 (0e1a4471d5ae..., userDataDir: C:\Program Files (x86)\scop...}, goog:chromeOptions: {debuggerAddress: localhost:61311}, networkConnectionEnabled: false, pageLoadStrategy: normal, platformName: WINDOWS, proxy: Proxy(), se:cdp: ws://localhost:61311/devtoo..., se:cdpVersion: 114.0.5735.110, setWindowRect: true, strictFileInteractability: false, timeouts: {implicit: 0, pageLoad: 300000, script: 30000}, unhandledPromptBehavior: dismiss and notify, webauthn:extension:credBlob: true, webauthn:extension:largeBlob: true, webauthn:extension:minPinLength: true, webauthn:extension:prf: true, webauthn:virtualAuthenticators: true}
Element: [[ChromeDriver: chrome on WINDOWS (eb080b46888e2876482ca44bf33bde4d)] -&gt; xpath: //*[@id=&quot;sort-products&quot;]]
Session ID: eb080b46888e2876482ca44bf33bde4d">
<![CDATA[org.openqa.selenium.ElementClickInterceptedException: element click intercepted: Element <select id="sort-products">...</select> is not clickable at point (1160, 121). Other element would receive the click: <div class="collapse navbar-collapse header__navbar-content" id="headerNav">...</div>
  (Session info: chrome=114.0.5735.110)
Build info: version: '4.9.0', revision: 'd7057100a6'
System info: os.name: 'Windows 11', os.arch: 'amd64', os.version: '10.0', java.version: '17.0.6'
Driver info: org.openqa.selenium.chrome.ChromeDriver
Command: [eb080b46888e2876482ca44bf33bde4d, clickElement {id=02AC8602A492F254D8D5ACB795E41848_element_147}]
Capabilities {acceptInsecureCerts: false, browserName: chrome, browserVersion: 114.0.5735.110, chrome: {chromedriverVersion: 113.0.5672.63 (0e1a4471d5ae..., userDataDir: C:\Program Files (x86)\scop...}, goog:chromeOptions: {debuggerAddress: localhost:61311}, networkConnectionEnabled: false, pageLoadStrategy: normal, platformName: WINDOWS, proxy: Proxy(), se:cdp: ws://localhost:61311/devtoo..., se:cdpVersion: 114.0.5735.110, setWindowRect: true, strictFileInteractability: false, timeouts: {implicit: 0, pageLoad: 300000, script: 30000}, unhandledPromptBehavior: dismiss and notify, webauthn:extension:credBlob: true, webauthn:extension:largeBlob: true, webauthn:extension:minPinLength: true, webauthn:extension:prf: true, webauthn:virtualAuthenticators: true}
Element: [[ChromeDriver: chrome on WINDOWS (eb080b46888e2876482ca44bf33bde4d)] -> xpath: //*[@id="sort-products"]]
Session ID: eb080b46888e2876482ca44bf33bde4d
	at java.base/jdk.internal.reflect.NativeConstructorAccessorImpl.newInstance0(Native Method)
	at java.base/jdk.internal.reflect.NativeConstructorAccessorImpl.newInstance(NativeConstructorAccessorImpl.java:77)
	at java.base/jdk.internal.reflect.DelegatingConstructorAccessorImpl.newInstance(DelegatingConstructorAccessorImpl.java:45)
	at java.base/java.lang.reflect.Constructor.newInstanceWithCaller(Constructor.java:499)
	at java.base/java.lang.reflect.Constructor.newInstance(Constructor.java:480)
	at org.openqa.selenium.remote.codec.w3c.W3CHttpResponseCodec.createException(W3CHttpResponseCodec.java:200)
	at org.openqa.selenium.remote.codec.w3c.W3CHttpResponseCodec.decode(W3CHttpResponseCodec.java:133)
	at org.openqa.selenium.remote.codec.w3c.W3CHttpResponseCodec.decode(W3CHttpResponseCodec.java:53)
	at org.openqa.selenium.remote.HttpCommandExecutor.execute(HttpCommandExecutor.java:193)
	at org.openqa.selenium.remote.service.DriverCommandExecutor.invokeExecute(DriverCommandExecutor.java:183)
	at org.openqa.selenium.remote.service.DriverCommandExecutor.execute(DriverCommandExecutor.java:158)
	at org.openqa.selenium.remote.RemoteWebDriver.execute(RemoteWebDriver.java:543)
	at org.openqa.selenium.remote.RemoteWebElement.execute(RemoteWebElement.java:257)
	at org.openqa.selenium.remote.RemoteWebElement.click(RemoteWebElement.java:78)
	at java.base/jdk.internal.reflect.NativeMethodAccessorImpl.invoke0(Native Method)
	at java.base/jdk.internal.reflect.NativeMethodAccessorImpl.invoke(NativeMethodAccessorImpl.java:77)
	at java.base/jdk.internal.reflect.DelegatingMethodAccessorImpl.invoke(DelegatingMethodAccessorImpl.java:43)
	at java.base/java.lang.reflect.Method.invoke(Method.java:568)
	at org.openqa.selenium.support.pagefactory.internal.LocatingElementHandler.invoke(LocatingElementHandler.java:52)
	at jdk.proxy2/jdk.proxy2.$Proxy29.click(Unknown Source)
	at com.pages.Ex03_WallStickersPage.filter(Ex03_WallStickersPage.java:29)
	at excel_stepdefinitions.Ex01_Excel.user_clicks_on_sort_by_field(Ex01_Excel.java:124)
	at âœ½.User clicks on sort by Field(file:///C:/Users/AKUM1676/eclipse-workspace/AsianPaints_Shop_AddCartPage_Ashutosh/src/test/resources/features/Ex03_AddToCart_Excel.feature:9)
]]>
</failure>
<system-out><![CDATA[
Given Chrome is opened and AsianPaints app is opened........................passed
When User clicks on Shop Section............................................passed
Then User navigates on the Shop Page........................................passed
And User clicks on Wallstickers.............................................passed
Then User navigates to the Wallstickers page................................passed
When User clicks on sort by Field...........................................failed
And User selects Priority- Low to High......................................skipped
Then Application sorts the wall stickers list based on price................skipped
And User clicks on any particular sticker...................................skipped
Then User enters the pincode from sheetname "Sheet1" and rownumber 0........skipped
Then Add to Cart button is successfully clicked.............................skipped
]]></system-out>
</testcase>
<testcase classname="Add to Cart" name="Validate user is able to Add to Cart using invalid data - Example #1.1" time="4.215">
<failure type="org.openqa.selenium.WebDriverException" message="unknown error: cannot determine loading status
from disconnected: received Inspector.detached event
  (Session info: chrome=114.0.5735.110)
Build info: version: '4.9.0', revision: 'd7057100a6'
System info: os.name: 'Windows 11', os.arch: 'amd64', os.version: '10.0', java.version: '17.0.6'
Driver info: org.openqa.selenium.chrome.ChromeDriver
Command: [f10b25faf0ad522001c7c63768651a98, get {url=https://www.asianpaints.com/}]
Capabilities {acceptInsecureCerts: false, browserName: chrome, browserVersion: 114.0.5735.110, chrome: {chromedriverVersion: 113.0.5672.63 (0e1a4471d5ae..., userDataDir: C:\Program Files (x86)\scop...}, goog:chromeOptions: {debuggerAddress: localhost:61451}, networkConnectionEnabled: false, pageLoadStrategy: normal, platformName: WINDOWS, proxy: Proxy(), se:cdp: ws://localhost:61451/devtoo..., se:cdpVersion: 114.0.5735.110, setWindowRect: true, strictFileInteractability: false, timeouts: {implicit: 0, pageLoad: 300000, script: 30000}, unhandledPromptBehavior: dismiss and notify, webauthn:extension:credBlob: true, webauthn:extension:largeBlob: true, webauthn:extension:minPinLength: true, webauthn:extension:prf: true, webauthn:virtualAuthenticators: true}
Session ID: f10b25faf0ad522001c7c63768651a98">
<![CDATA[org.openqa.selenium.WebDriverException: unknown error: cannot determine loading status
from disconnected: received Inspector.detached event
  (Session info: chrome=114.0.5735.110)
Build info: version: '4.9.0', revision: 'd7057100a6'
System info: os.name: 'Windows 11', os.arch: 'amd64', os.version: '10.0', java.version: '17.0.6'
Driver info: org.openqa.selenium.chrome.ChromeDriver
Command: [f10b25faf0ad522001c7c63768651a98, get {url=https://www.asianpaints.com/}]
Capabilities {acceptInsecureCerts: false, browserName: chrome, browserVersion: 114.0.5735.110, chrome: {chromedriverVersion: 113.0.5672.63 (0e1a4471d5ae..., userDataDir: C:\Program Files (x86)\scop...}, goog:chromeOptions: {debuggerAddress: localhost:61451}, networkConnectionEnabled: false, pageLoadStrategy: normal, platformName: WINDOWS, proxy: Proxy(), se:cdp: ws://localhost:61451/devtoo..., se:cdpVersion: 114.0.5735.110, setWindowRect: true, strictFileInteractability: false, timeouts: {implicit: 0, pageLoad: 300000, script: 30000}, unhandledPromptBehavior: dismiss and notify, webauthn:extension:credBlob: true, webauthn:extension:largeBlob: true, webauthn:extension:minPinLength: true, webauthn:extension:prf: true, webauthn:virtualAuthenticators: true}
Session ID: f10b25faf0ad522001c7c63768651a98
	at java.base/jdk.internal.reflect.NativeConstructorAccessorImpl.newInstance0(Native Method)
	at java.base/jdk.internal.reflect.NativeConstructorAccessorImpl.newInstance(NativeConstructorAccessorImpl.java:77)
	at java.base/jdk.internal.reflect.DelegatingConstructorAccessorImpl.newInstance(DelegatingConstructorAccessorImpl.java:45)
	at java.base/java.lang.reflect.Constructor.newInstanceWithCaller(Constructor.java:499)
	at java.base/java.lang.reflect.Constructor.newInstance(Constructor.java:480)
	at org.openqa.selenium.remote.codec.w3c.W3CHttpResponseCodec.createException(W3CHttpResponseCodec.java:200)
	at org.openqa.selenium.remote.codec.w3c.W3CHttpResponseCodec.decode(W3CHttpResponseCodec.java:133)
	at org.openqa.selenium.remote.codec.w3c.W3CHttpResponseCodec.decode(W3CHttpResponseCodec.java:53)
	at org.openqa.selenium.remote.HttpCommandExecutor.execute(HttpCommandExecutor.java:193)
	at org.openqa.selenium.remote.service.DriverCommandExecutor.invokeExecute(DriverCommandExecutor.java:183)
	at org.openqa.selenium.remote.service.DriverCommandExecutor.execute(DriverCommandExecutor.java:158)
	at org.openqa.selenium.remote.RemoteWebDriver.execute(RemoteWebDriver.java:543)
	at org.openqa.selenium.remote.RemoteWebDriver.get(RemoteWebDriver.java:297)
	at com.utility.Utility.launchingApp(Utility.java:44)
	at apphooks.ApplicationHooks.launchBrowser(ApplicationHooks.java:18)
]]>
</failure>
<system-out><![CDATA[
Given Chrome is opened and AsianPaints app is opened........................skipped
When User clicks on Shop Section............................................skipped
Then User navigates on the Shop Page........................................skipped
And User clicks on Wallstickers.............................................skipped
Then User navigates to the Wallstickers page................................skipped
When User clicks on sort by Field...........................................skipped
And User selects Priority- Low to High......................................skipped
Then Application sorts the wall stickers list based on price................skipped
And User clicks on any particular sticker...................................skipped
Then User enters the pincode from sheetname "Sheet1" and rownumber 1........skipped
Then Add to Cart button is unsuccessfully clicked...........................skipped
]]></system-out>
</testcase>
</testsuite>
